Build started 2015-01-09 10:57:24.
     1>Project "C:\Users\Patryk\Desktop\szablon\projekt2vs13.vcxproj" on node 2 (Build target(s)).
     1>ClCompile:
         D:\Program Files\Visual Studio\VC\bin\CL.exe /c /I.\sdl\include\ /ZI /nologo /W3 /WX- /Od /Oy- /D WIN32 /D _DEBUG /D _CONSOLE /D _UNICODE /D UNICODE /Gm /EHsc /RTC1 /MD /GS /fp:precise /Zc:wchar_t /Zc:forScope /Fo"Debug\\" /Fd"Debug\vc120.pdb" /Gd /TP /analyze- /errorReport:prompt main.cpp
         main.cpp
     1>c:\users\patryk\desktop\szablon\main.cpp(93): warning C4996: 'fopen': This function or variable may be unsafe. Consider using fopen_s instead. To disable deprecation, use _CRT_SECURE_NO_WARNINGS. See online help for details.
                 d:\program files\visual studio\vc\include\stdio.h(211) : see declaration of 'fopen'
     1>c:\users\patryk\desktop\szablon\main.cpp(100): warning C4996: 'fscanf': This function or variable may be unsafe. Consider using fscanf_s instead. To disable deprecation, use _CRT_SECURE_NO_WARNINGS. See online help for details.
                 d:\program files\visual studio\vc\include\stdio.h(230) : see declaration of 'fscanf'
     1>c:\users\patryk\desktop\szablon\main.cpp(113): warning C4996: 'fopen': This function or variable may be unsafe. Consider using fopen_s instead. To disable deprecation, use _CRT_SECURE_NO_WARNINGS. See online help for details.
                 d:\program files\visual studio\vc\include\stdio.h(211) : see declaration of 'fopen'
     1>c:\users\patryk\desktop\szablon\main.cpp(117): warning C4996: 'fscanf': This function or variable may be unsafe. Consider using fscanf_s instead. To disable deprecation, use _CRT_SECURE_NO_WARNINGS. See online help for details.
                 d:\program files\visual studio\vc\include\stdio.h(230) : see declaration of 'fscanf'
     1>c:\users\patryk\desktop\szablon\main.cpp(127): warning C4996: 'fopen': This function or variable may be unsafe. Consider using fopen_s instead. To disable deprecation, use _CRT_SECURE_NO_WARNINGS. See online help for details.
                 d:\program files\visual studio\vc\include\stdio.h(211) : see declaration of 'fopen'
     1>c:\users\patryk\desktop\szablon\main.cpp(1073): warning C4101: 'kierunek' : unreferenced local variable
     1>c:\users\patryk\desktop\szablon\main.cpp(1181): warning C4244: 'argument' : conversion from 'time_t' to 'unsigned int', possible loss of data
     1>c:\users\patryk\desktop\szablon\main.cpp(1209): warning C4244: 'argument' : conversion from 'double' to 'int', possible loss of data
     1>c:\users\patryk\desktop\szablon\main.cpp(1227): warning C4244: 'argument' : conversion from 'double' to 'int', possible loss of data
     1>c:\users\patryk\desktop\szablon\main.cpp(1234): warning C4244: 'argument' : conversion from 'double' to 'int', possible loss of data
     1>c:\users\patryk\desktop\szablon\main.cpp(1242): warning C4244: 'argument' : conversion from 'double' to 'int', possible loss of data
     1>c:\users\patryk\desktop\szablon\main.cpp(1258): warning C4244: 'argument' : conversion from 'double' to 'int', possible loss of data
     1>c:\users\patryk\desktop\szablon\main.cpp(1270): warning C4244: 'argument' : conversion from 'double' to 'int', possible loss of data
     1>c:\users\patryk\desktop\szablon\main.cpp(1273): warning C4244: 'argument' : conversion from 'double' to 'int', possible loss of data
     1>c:\users\patryk\desktop\szablon\main.cpp(1279): warning C4244: 'argument' : conversion from 'double' to 'int', possible loss of data
     1>c:\users\patryk\desktop\szablon\main.cpp(1288): warning C4996: 'sprintf': This function or variable may be unsafe. Consider using sprintf_s instead. To disable deprecation, use _CRT_SECURE_NO_WARNINGS. See online help for details.
                 d:\program files\visual studio\vc\include\stdio.h(356) : see declaration of 'sprintf'
     1>c:\users\patryk\desktop\szablon\main.cpp(1290): warning C4996: 'sprintf': This function or variable may be unsafe. Consider using sprintf_s instead. To disable deprecation, use _CRT_SECURE_NO_WARNINGS. See online help for details.
                 d:\program files\visual studio\vc\include\stdio.h(356) : see declaration of 'sprintf'
     1>c:\users\patryk\desktop\szablon\main.cpp(1292): warning C4996: 'sprintf': This function or variable may be unsafe. Consider using sprintf_s instead. To disable deprecation, use _CRT_SECURE_NO_WARNINGS. See online help for details.
                 d:\program files\visual studio\vc\include\stdio.h(356) : see declaration of 'sprintf'
     1>c:\users\patryk\desktop\szablon\main.cpp(1294): warning C4996: 'sprintf': This function or variable may be unsafe. Consider using sprintf_s instead. To disable deprecation, use _CRT_SECURE_NO_WARNINGS. See online help for details.
                 d:\program files\visual studio\vc\include\stdio.h(356) : see declaration of 'sprintf'
     1>c:\users\patryk\desktop\szablon\main.cpp(1296): warning C4996: 'sprintf': This function or variable may be unsafe. Consider using sprintf_s instead. To disable deprecation, use _CRT_SECURE_NO_WARNINGS. See online help for details.
                 d:\program files\visual studio\vc\include\stdio.h(356) : see declaration of 'sprintf'
     1>c:\users\patryk\desktop\szablon\main.cpp(1298): warning C4996: 'sprintf': This function or variable may be unsafe. Consider using sprintf_s instead. To disable deprecation, use _CRT_SECURE_NO_WARNINGS. See online help for details.
                 d:\program files\visual studio\vc\include\stdio.h(356) : see declaration of 'sprintf'
     1>c:\users\patryk\desktop\szablon\main.cpp(1300): warning C4996: 'sprintf': This function or variable may be unsafe. Consider using sprintf_s instead. To disable deprecation, use _CRT_SECURE_NO_WARNINGS. See online help for details.
                 d:\program files\visual studio\vc\include\stdio.h(356) : see declaration of 'sprintf'
     1>c:\users\patryk\desktop\szablon\main.cpp(1302): warning C4996: 'sprintf': This function or variable may be unsafe. Consider using sprintf_s instead. To disable deprecation, use _CRT_SECURE_NO_WARNINGS. See online help for details.
                 d:\program files\visual studio\vc\include\stdio.h(356) : see declaration of 'sprintf'
     1>c:\users\patryk\desktop\szablon\main.cpp(1304): warning C4996: 'sprintf': This function or variable may be unsafe. Consider using sprintf_s instead. To disable deprecation, use _CRT_SECURE_NO_WARNINGS. See online help for details.
                 d:\program files\visual studio\vc\include\stdio.h(356) : see declaration of 'sprintf'
     1>c:\users\patryk\desktop\szablon\main.cpp(1306): warning C4996: 'sprintf': This function or variable may be unsafe. Consider using sprintf_s instead. To disable deprecation, use _CRT_SECURE_NO_WARNINGS. See online help for details.
                 d:\program files\visual studio\vc\include\stdio.h(356) : see declaration of 'sprintf'
     1>c:\users\patryk\desktop\szablon\main.cpp(1308): warning C4996: 'sprintf': This function or variable may be unsafe. Consider using sprintf_s instead. To disable deprecation, use _CRT_SECURE_NO_WARNINGS. See online help for details.
                 d:\program files\visual studio\vc\include\stdio.h(356) : see declaration of 'sprintf'
     1>c:\users\patryk\desktop\szablon\main.cpp(1310): warning C4996: 'sprintf': This function or variable may be unsafe. Consider using sprintf_s instead. To disable deprecation, use _CRT_SECURE_NO_WARNINGS. See online help for details.
                 d:\program files\visual studio\vc\include\stdio.h(356) : see declaration of 'sprintf'
     1>c:\users\patryk\desktop\szablon\main.cpp(1312): warning C4996: 'sprintf': This function or variable may be unsafe. Consider using sprintf_s instead. To disable deprecation, use _CRT_SECURE_NO_WARNINGS. See online help for details.
                 d:\program files\visual studio\vc\include\stdio.h(356) : see declaration of 'sprintf'
     1>c:\users\patryk\desktop\szablon\main.cpp(1314): warning C4996: 'sprintf': This function or variable may be unsafe. Consider using sprintf_s instead. To disable deprecation, use _CRT_SECURE_NO_WARNINGS. See online help for details.
                 d:\program files\visual studio\vc\include\stdio.h(356) : see declaration of 'sprintf'
     1>c:\users\patryk\desktop\szablon\main.cpp(1316): warning C4996: 'sprintf': This function or variable may be unsafe. Consider using sprintf_s instead. To disable deprecation, use _CRT_SECURE_NO_WARNINGS. See online help for details.
                 d:\program files\visual studio\vc\include\stdio.h(356) : see declaration of 'sprintf'
     1>c:\users\patryk\desktop\szablon\main.cpp(1330): warning C4996: 'sprintf': This function or variable may be unsafe. Consider using sprintf_s instead. To disable deprecation, use _CRT_SECURE_NO_WARNINGS. See online help for details.
                 d:\program files\visual studio\vc\include\stdio.h(356) : see declaration of 'sprintf'
     1>c:\users\patryk\desktop\szablon\main.cpp(1332): warning C4996: 'sprintf': This function or variable may be unsafe. Consider using sprintf_s instead. To disable deprecation, use _CRT_SECURE_NO_WARNINGS. See online help for details.
                 d:\program files\visual studio\vc\include\stdio.h(356) : see declaration of 'sprintf'
       Link:
         D:\Program Files\Visual Studio\VC\bin\link.exe /ERRORREPORT:PROMPT /OUT:"C:\Users\Patryk\Desktop\szablon\Debug\projekt2vs13.exe" /INCREMENTAL /NOLOGO .\sdl\winlib\sdl2.lib .\sdl\winlib\sdl2main.lib kernel32.lib user32.lib gdi32.lib winspool.lib comdlg32.lib advapi32.lib shell32.lib ole32.lib oleaut32.lib uuid.lib odbc32.lib odbccp32.lib /MANIFEST /MANIFESTUAC:"level='asInvoker' uiAccess='false'" /manifest:embed /DEBUG /PDB:"C:\Users\Patryk\Desktop\szablon\Debug\projekt2vs13.pdb" /SUBSYSTEM:WINDOWS /TLBID:1 /DYNAMICBASE /NXCOMPAT /IMPLIB:"C:\Users\Patryk\Desktop\szablon\Debug\projekt2vs13.lib" /MACHINE:X86 Debug\main.obj
         projekt2vs13.vcxproj -> C:\Users\Patryk\Desktop\szablon\Debug\projekt2vs13.exe
     1>Done Building Project "C:\Users\Patryk\Desktop\szablon\projekt2vs13.vcxproj" (Build target(s)).

Build succeeded.

Time Elapsed 00:00:00.72
